<?xml version="1.0" encoding="utf-8"?>
<androidx.constraintlayout.widget.ConstraintLayout xmlns:android="http://schemas.android.com/apk/res/android"
    xmlns:app="http://schemas.android.com/apk/res-auto"
    xmlns:tools="http://schemas.android.com/tools"
    android:layout_width="match_parent"
    android:layout_height="match_parent"
    android:background="@drawable/rectangle36"
    tools:context=".fragments.TestResult">


    <TextView
        android:id="@+id/textView"
        android:layout_width="320dp"
        android:layout_height="50dp"
        android:layout_marginTop="32dp"
        android:background="@drawable/button_right_soft"
        android:elevation="10dp"
        android:gravity="center"
        android:textColor="#000"
        android:paddingLeft="100dp"
        android:text="Test results"
        android:textAlignment="gravity"
        android:textSize="30sp"
        app:layout_constraintStart_toStartOf="parent"
        app:layout_constraintTop_toTopOf="parent" />


    <Button
        android:id="@+id/button"
        android:layout_width="80dp"
        android:layout_height="80dp"
        android:layout_marginTop="8dp"
        android:background="@drawable/round_white_button"
        android:elevation="10dp"
        android:text="Done"
        app:layout_constraintEnd_toEndOf="parent"
        app:layout_constraintStart_toStartOf="parent"
        app:layout_constraintTop_toBottomOf="@+id/imageView10" />

    <View
        android:id="@+id/view"
        android:layout_width="3dp"
        android:layout_height="100dp"
        android:layout_marginTop="16dp"
        android:background="#fff"
        app:layout_constraintEnd_toEndOf="parent"
        app:layout_constraintStart_toStartOf="parent"
        app:layout_constraintTop_toBottomOf="@+id/textView" />

    <TextView
        android:id="@+id/textView4"
        android:layout_width="0dp"
        android:layout_height="30dp"
        android:layout_marginTop="16dp"
        android:gravity="end"
        android:paddingRight="10dp"
        android:text="Left ear"
        android:textColor="@color/white"
        android:textSize="24dp"
        app:layout_constraintEnd_toStartOf="@+id/view"
        app:layout_constraintStart_toStartOf="parent"
        app:layout_constraintTop_toBottomOf="@+id/textView" />

    <TextView
        android:id="@+id/textView5"
        android:layout_width="0dp"
        android:layout_height="30dp"
        android:layout_marginTop="16dp"
        android:paddingLeft="10dp"
        android:text="Right ear"
        android:textColor="@color/white"
        android:textSize="24dp"
        app:layout_constraintEnd_toEndOf="parent"
        app:layout_constraintStart_toEndOf="@+id/view"
        app:layout_constraintTop_toBottomOf="@+id/textView" />


    <TextView
        android:id="@+id/textView6"
        android:layout_width="0dp"
        android:layout_height="100dp"
        android:gravity="end"
        android:padding="10dp"
        android:text="@string/audioGram_left"
        android:textColor="@color/white"
        android:textSize="16dp"
        app:layout_constraintEnd_toStartOf="@+id/view"
        app:layout_constraintStart_toStartOf="parent"
        app:layout_constraintTop_toBottomOf="@+id/textView4" />

    <TextView
        android:id="@+id/textView7"
        android:layout_width="0dp"
        android:layout_height="100dp"
        android:padding="10dp"
        android:text="@string/audioGram_right"
        android:textColor="@color/white"
        android:textSize="16dp"
        app:layout_constraintEnd_toEndOf="parent"
        app:layout_constraintStart_toEndOf="@+id/view"
        app:layout_constraintTop_toBottomOf="@+id/textView5" />

    <TextView
        android:id="@+id/textView8"
        android:layout_width="wrap_content"
        android:layout_height="wrap_content"
        android:layout_marginTop="16dp"
        android:text="Audiogram"
        android:textColor="@color/white"
        android:textSize="24dp"
        app:layout_constraintEnd_toEndOf="parent"
        app:layout_constraintStart_toStartOf="parent"
        app:layout_constraintTop_toBottomOf="@+id/view" />

    <ImageView
        android:id="@+id/imageView10"
        android:layout_width="369dp"
        android:layout_height="200dp"
        android:layout_marginTop="8dp"
        android:src="@drawable/audiogram"
        app:layout_constraintEnd_toEndOf="parent"
        app:layout_constraintStart_toStartOf="parent"
        app:layout_constraintTop_toBottomOf="@+id/textView8" />

</androidx.constraintlayout.widget.ConstraintLayout>